0 info it worked if it ends with ok
1 verbose cli [ 'D:\\node\\node.exe',
1 verbose cli   'C:\\Users\\HP\\AppData\\Roaming\\npm\\node_modules\\cnpm\\node_modules\\npm\\bin\\npm-cli.js',
1 verbose cli   '--userconfig=C:\\Users\\HP\\.cnpmrc',
1 verbose cli   '--disturl=https://npm.taobao.org/mirrors/node',
1 verbose cli   '--registry=https://registry.npm.taobao.org',
1 verbose cli   'run',
1 verbose cli   'dev:weapp' ]
2 info using npm@3.10.10
3 info using node@v10.15.3
4 verbose run-script [ 'predev:weapp', 'dev:weapp', 'postdev:weapp' ]
5 info lifecycle Intensive_trainMini@1.0.0~predev:weapp: Intensive_trainMini@1.0.0
6 silly lifecycle Intensive_trainMini@1.0.0~predev:weapp: no script for predev:weapp, continuing
7 info lifecycle Intensive_trainMini@1.0.0~dev:weapp: Intensive_trainMini@1.0.0
8 verbose lifecycle Intensive_trainMini@1.0.0~dev:weapp: unsafe-perm in lifecycle true
9 verbose lifecycle Intensive_trainMini@1.0.0~dev:weapp: PATH: C:\Users\HP\AppData\Roaming\npm\node_modules\cnpm\node_modules\npm\bin\node-gyp-bin;E:\hqProject\MiXunBan\node_modules\.bin;C:\Program Files (x86)\Intel\iCLS Client\;C:\Program Files\Intel\iCLS Client\;C:\WINDOWS\system32;C:\WINDOWS;C:\WINDOWS\System32\Wbem;C:\WINDOWS\System32\WindowsPowerShell\v1.0\;C:\Program Files (x86)\Intel\Intel(R) Management Engine Components\DAL;C:\Program Files\Intel\Intel(R) Management Engine Components\DAL;C:\Program Files (x86)\Intel\Intel(R) Management Engine Components\IPT;C:\Program Files\Intel\Intel(R) Management Engine Components\IPT;C:\WINDOWS\System32\OpenSSH\;D:\node\;C:\Program Files\Intel\WiFi\bin\;C:\Program Files\Common Files\Intel\WirelessCommon\;D:\Git\cmd;D:\Microsoft VS Code\bin;C:\Users\HP\AppData\Local\Microsoft\WindowsApps;D:\Microsoft VS Code\bin;C:\Users\HP\AppData\Roaming\npm;
10 verbose lifecycle Intensive_trainMini@1.0.0~dev:weapp: CWD: E:\hqProject\MiXunBan
11 silly lifecycle Intensive_trainMini@1.0.0~dev:weapp: Args: [ '/d /s /c', 'npm run build:weapp -- --watch' ]
12 silly lifecycle Intensive_trainMini@1.0.0~dev:weapp: Returned: code: 3221225786  signal: null
13 info lifecycle Intensive_trainMini@1.0.0~dev:weapp: Failed to exec dev:weapp script
14 verbose stack Error: Intensive_trainMini@1.0.0 dev:weapp: `npm run build:weapp -- --watch`
14 verbose stack Exit status 3221225786
14 verbose stack     at EventEmitter.<anonymous> (C:\Users\HP\AppData\Roaming\npm\node_modules\cnpm\node_modules\npm\lib\utils\lifecycle.js:255:16)
14 verbose stack     at EventEmitter.emit (events.js:189:13)
14 verbose stack     at ChildProcess.<anonymous> (C:\Users\HP\AppData\Roaming\npm\node_modules\cnpm\node_modules\npm\lib\utils\spawn.js:40:14)
14 verbose stack     at ChildProcess.emit (events.js:189:13)
14 verbose stack     at maybeClose (internal/child_process.js:970:16)
14 verbose stack     at Process.ChildProcess._handle.onexit (internal/child_process.js:259:5)
15 verbose pkgid Intensive_trainMini@1.0.0
16 verbose cwd E:\hqProject\MiXunBan
17 error Windows_NT 10.0.18362
18 error argv "D:\\node\\node.exe" "C:\\Users\\HP\\AppData\\Roaming\\npm\\node_modules\\cnpm\\node_modules\\npm\\bin\\npm-cli.js" "--userconfig=C:\\Users\\HP\\.cnpmrc" "--disturl=https://npm.taobao.org/mirrors/node" "--registry=https://registry.npm.taobao.org" "run" "dev:weapp"
19 error node v10.15.3
20 error npm  v3.10.10
21 error code ELIFECYCLE
22 error Intensive_trainMini@1.0.0 dev:weapp: `npm run build:weapp -- --watch`
22 error Exit status 3221225786
23 error Failed at the Intensive_trainMini@1.0.0 dev:weapp script 'npm run build:weapp -- --watch'.
23 error Make sure you have the latest version of node.js and npm installed.
23 error If you do, this is most likely a problem with the Intensive_trainMini package,
23 error not with npm itself.
23 error Tell the author that this fails on your system:
23 error     npm run build:weapp -- --watch
23 error You can get information on how to open an issue for this project with:
23 error     npm bugs Intensive_trainMini
23 error Or if that isn't available, you can get their info via:
23 error     npm owner ls Intensive_trainMini
23 error There is likely additional logging output above.
24 verbose exit [ 1, true ]
